<?xml version="1.0" encoding="UTF-8"?>
<testsuite xmlns:xsi="http://www.w3.org/2001/XMLSchema-instance" xsi:noNamespaceSchemaLocation="https://maven.apache.org/surefire/maven-surefire-plugin/xsd/surefire-test-report.xsd" name="com.skillstorm.GetUserIdMethod2Test" time="0.001" tests="3" errors="0" skipped="0" failures="0">
  <properties>
[...]
</properties>
  <testcase name="testFailure" classname="com.skillstorm.GetUserIdMethod2Test" time="0"/>
  <testcase name="testSuccessInMiddle" classname="com.skillstorm.GetUserIdMethod2Test" time="0"/>
  <testcase name="testSuccessAtEnd" classname="com.skillstorm.GetUserIdMethod2Test" time="0"/>
</testsuite>